2022-09-06 10:25:48.588  INFO 4232 --- [main] c.e.p.p.PlantfinderApiApplication        : Starting PlantfinderApiApplication on HUW42NLPC0630 with PID 4232 (D:\workspace-santam\demo-monotoring-api-composite-service-health-checkup\target\classes started by GM55491 in D:\workspace-santam\demo-monotoring-api-composite-service-health-checkup)
2022-09-06 10:25:48.594  INFO 4232 --- [main] c.e.p.p.PlantfinderApiApplication        : No active profile set, falling back to default profiles: default
2022-09-06 10:25:49.894  INFO 4232 --- [main] .s.d.r.c.RepositoryConfigurationDelegate : Bootstrapping Spring Data JPA repositories in DEFERRED mode.
2022-09-06 10:25:49.934  INFO 4232 --- [main] .s.d.r.c.RepositoryConfigurationDelegate : Finished Spring Data repository scanning in 29ms. Found 0 JPA repository interfaces.
2022-09-06 10:25:50.524  INFO 4232 --- [main] o.s.b.w.embedded.tomcat.TomcatWebServer  : Tomcat initialized with port(s): 8083 (http)
2022-09-06 10:25:50.532  INFO 4232 --- [main] o.apache.catalina.core.StandardService   : Starting service [Tomcat]
2022-09-06 10:25:50.532  INFO 4232 --- [main] org.apache.catalina.core.StandardEngine  : Starting Servlet engine: [Apache Tomcat/9.0.37]
2022-09-06 10:25:50.840  INFO 4232 --- [main] o.a.c.c.C.[Tomcat].[localhost].[/]       : Initializing Spring embedded WebApplicationContext
2022-09-06 10:25:50.841  INFO 4232 --- [main] w.s.c.ServletWebServerApplicationContext : Root WebApplicationContext: initialization completed in 2190 ms
2022-09-06 10:25:50.946  WARN 4232 --- [main] o.s.boot.actuate.endpoint.EndpointId     : Endpoint ID 'custom-rest-endpoint' contains invalid characters, please migrate to a valid format.
2022-09-06 10:25:50.947  WARN 4232 --- [main] o.s.boot.actuate.endpoint.EndpointId     : Endpoint ID 'custom-endpoint' contains invalid characters, please migrate to a valid format.
2022-09-06 10:25:51.123  INFO 4232 --- [main] o.s.s.concurrent.ThreadPoolTaskExecutor  : Initializing ExecutorService 'applicationTaskExecutor'
2022-09-06 10:25:51.143  INFO 4232 --- [main] com.zaxxer.hikari.HikariDataSource       : HikariPool-1 - Starting...
2022-09-06 10:25:51.290  INFO 4232 --- [main] com.zaxxer.hikari.HikariDataSource       : HikariPool-1 - Start completed.
2022-09-06 10:25:51.349  INFO 4232 --- [task-1] o.hibernate.jpa.internal.util.LogHelper  : HHH000204: Processing PersistenceUnitInfo [name: default]
2022-09-06 10:25:51.453  WARN 4232 --- [main] JpaBaseConfiguration$JpaWebConfiguration : spring.jpa.open-in-view is enabled by default. Therefore, database queries may be performed during view rendering. Explicitly configure spring.jpa.open-in-view to disable this warning
2022-09-06 10:25:51.473  INFO 4232 --- [task-1] org.hibernate.Version                    : HHH000412: Hibernate ORM core version 5.4.20.Final
2022-09-06 10:25:51.661  INFO 4232 --- [task-1] o.hibernate.annotations.common.Version   : HCANN000001: Hibernate Commons Annotations {5.1.0.Final}
2022-09-06 10:25:51.892  INFO 4232 --- [task-1] org.hibernate.dialect.Dialect            : HHH000400: Using dialect: org.hibernate.dialect.H2Dialect
2022-09-06 10:25:51.980  INFO 4232 --- [main] o.s.s.c.ThreadPoolTaskScheduler          : Initializing ExecutorService
2022-09-06 10:25:52.164  INFO 4232 --- [task-1] o.h.e.t.j.p.i.JtaPlatformInitiator       : HHH000490: Using JtaPlatform implementation: [org.hibernate.engine.transaction.jta.platform.internal.NoJtaPlatform]
2022-09-06 10:25:52.176  INFO 4232 --- [task-1] j.LocalContainerEntityManagerFactoryBean : Initialized JPA EntityManagerFactory for persistence unit 'default'
2022-09-06 10:25:52.391  INFO 4232 --- [main] o.s.s.web.DefaultSecurityFilterChain     : Creating filter chain: any request, [org.springframework.security.web.context.request.async.WebAsyncManagerIntegrationFilter@58aa5c94, org.springframework.security.web.context.SecurityContextPersistenceFilter@18dd7767, org.springframework.security.web.header.HeaderWriterFilter@ec5f944, org.springframework.security.web.csrf.CsrfFilter@3688baab, org.springframework.security.web.authentication.logout.LogoutFilter@6326c5ec, org.springframework.security.web.authentication.UsernamePasswordAuthenticationFilter@30afb481, org.springframework.security.web.authentication.ui.DefaultLoginPageGeneratingFilter@7b451bf4, org.springframework.security.web.authentication.ui.DefaultLogoutPageGeneratingFilter@5d27b4c1, org.springframework.security.web.authentication.www.BasicAuthenticationFilter@45bd4753, org.springframework.security.web.savedrequest.RequestCacheAwareFilter@bfe47a8, org.springframework.security.web.servletapi.SecurityContextHolderAwareRequestFilter@3a88f6fb, org.springframework.security.web.authentication.AnonymousAuthenticationFilter@50df37eb, org.springframework.security.web.session.SessionManagementFilter@74eec640, org.springframework.security.web.access.ExceptionTranslationFilter@d84418a, org.springframework.security.web.access.intercept.FilterSecurityInterceptor@1209a0f]
2022-09-06 10:25:52.439  INFO 4232 --- [main] o.s.b.a.e.web.EndpointLinksResolver      : Exposing 16 endpoint(s) beneath base path '/actuator'
2022-09-06 10:25:52.537  INFO 4232 --- [main] o.s.b.w.embedded.tomcat.TomcatWebServer  : Tomcat started on port(s): 8083 (http) with context path ''
2022-09-06 10:25:52.539  INFO 4232 --- [main] DeferredRepositoryInitializationListener : Triggering deferred initialization of Spring Data repositories…
2022-09-06 10:25:52.540  INFO 4232 --- [main] DeferredRepositoryInitializationListener : Spring Data repositories initialized!
2022-09-06 10:25:52.556  INFO 4232 --- [main] c.e.p.p.PlantfinderApiApplication        : Started PlantfinderApiApplication in 4.477 seconds (JVM running for 6.426)
2022-09-06 10:25:52.827  INFO 4232 --- [registrationTask1] d.c.b.a.c.r.ApplicationRegistrator       : Application registered itself as f88e3dca64bb
2022-09-06 10:25:52.872  INFO 4232 --- [http-nio-8083-exec-1] o.a.c.c.C.[Tomcat].[localhost].[/]       : Initializing Spring DispatcherServlet 'dispatcherServlet'
2022-09-06 10:25:52.873  INFO 4232 --- [http-nio-8083-exec-1] o.s.web.servlet.DispatcherServlet        : Initializing Servlet 'dispatcherServlet'
2022-09-06 10:25:52.879  INFO 4232 --- [http-nio-8083-exec-1] o.s.web.servlet.DispatcherServlet        : Completed initialization in 6 ms
2022-09-06 10:25:53.697  WARN 4232 --- [http-nio-8083-exec-1] o.a.c.util.SessionIdGeneratorBase        : Creation of SecureRandom instance for session ID generation using [SHA1PRNG] took [610] milliseconds.
