2023-01-10 15:44:12.619  INFO 8092 --- [main] i.d.ActuatorPrometheusGrafanaApplication : Starting ActuatorPrometheusGrafanaApplication on HUW42NLPC0630 with PID 8092 (D:\info-tech\actuator-prometheus-grafana\target\classes started by GM55491 in D:\info-tech\actuator-prometheus-grafana)
2023-01-10 15:44:12.625  INFO 8092 --- [main] i.d.ActuatorPrometheusGrafanaApplication : No active profile set, falling back to default profiles: default
2023-01-10 15:44:14.044  INFO 8092 --- [main] o.s.b.w.embedded.tomcat.TomcatWebServer  : Tomcat initialized with port(s): 8080 (http)
2023-01-10 15:44:14.057  INFO 8092 --- [main] o.apache.catalina.core.StandardService   : Starting service [Tomcat]
2023-01-10 15:44:14.058  INFO 8092 --- [main] org.apache.catalina.core.StandardEngine  : Starting Servlet engine: [Apache Tomcat/9.0.27]
2023-01-10 15:44:14.361  INFO 8092 --- [main] o.a.c.c.C.[Tomcat].[localhost].[/]       : Initializing Spring embedded WebApplicationContext
2023-01-10 15:44:14.364  INFO 8092 --- [main] o.s.web.context.ContextLoader            : Root WebApplicationContext: initialization completed in 1682 ms
2023-01-10 15:44:15.029  INFO 8092 --- [main] o.s.s.concurrent.ThreadPoolTaskExecutor  : Initializing ExecutorService 'applicationTaskExecutor'
2023-01-10 15:44:15.566  INFO 8092 --- [main] o.s.b.a.e.web.EndpointLinksResolver      : Exposing 16 endpoint(s) beneath base path '/actuator'
2023-01-10 15:44:15.705  INFO 8092 --- [main] o.s.b.w.embedded.tomcat.TomcatWebServer  : Tomcat started on port(s): 8080 (http) with context path ''
2023-01-10 15:44:15.715  INFO 8092 --- [main] i.d.ActuatorPrometheusGrafanaApplication : Started ActuatorPrometheusGrafanaApplication in 3.944 seconds (JVM running for 7.641)
2023-01-10 15:44:16.293  INFO 8092 --- [http-nio-8080-exec-1] o.a.c.c.C.[Tomcat].[localhost].[/]       : Initializing Spring DispatcherServlet 'dispatcherServlet'
2023-01-10 15:44:16.294  INFO 8092 --- [http-nio-8080-exec-1] o.s.web.servlet.DispatcherServlet        : Initializing Servlet 'dispatcherServlet'
2023-01-10 15:44:16.305  INFO 8092 --- [http-nio-8080-exec-1] o.s.web.servlet.DispatcherServlet        : Completed initialization in 11 ms
2023-01-10 15:49:50.764  INFO 8092 --- [RMI TCP Connection(2)-127.0.0.1] inMXBeanRegistrar$SpringApplicationAdmin : Application shutdown requested.
2023-01-10 15:49:50.769  INFO 8092 --- [RMI TCP Connection(2)-127.0.0.1] o.s.s.concurrent.ThreadPoolTaskExecutor  : Shutting down ExecutorService 'applicationTaskExecutor'
2023-01-10 15:50:25.111  INFO 9372 --- [main] i.d.ActuatorPrometheusGrafanaApplication : Starting ActuatorPrometheusGrafanaApplication on HUW42NLPC0630 with PID 9372 (D:\info-tech\actuator-prometheus-grafana\target\classes started by GM55491 in D:\info-tech\actuator-prometheus-grafana)
2023-01-10 15:50:25.117  INFO 9372 --- [main] i.d.ActuatorPrometheusGrafanaApplication : No active profile set, falling back to default profiles: default
2023-01-10 15:50:26.693  INFO 9372 --- [main] o.s.b.w.embedded.tomcat.TomcatWebServer  : Tomcat initialized with port(s): 8080 (http)
2023-01-10 15:50:26.703  INFO 9372 --- [main] o.apache.catalina.core.StandardService   : Starting service [Tomcat]
2023-01-10 15:50:26.704  INFO 9372 --- [main] org.apache.catalina.core.StandardEngine  : Starting Servlet engine: [Apache Tomcat/9.0.27]
2023-01-10 15:50:26.919  INFO 9372 --- [main] o.a.c.c.C.[Tomcat].[localhost].[/]       : Initializing Spring embedded WebApplicationContext
2023-01-10 15:50:26.922  INFO 9372 --- [main] o.s.web.context.ContextLoader            : Root WebApplicationContext: initialization completed in 1748 ms
2023-01-10 15:50:27.312  INFO 9372 --- [main] o.s.s.concurrent.ThreadPoolTaskExecutor  : Initializing ExecutorService 'applicationTaskExecutor'
2023-01-10 15:50:27.575  INFO 9372 --- [main] o.s.b.a.e.web.EndpointLinksResolver      : Exposing 16 endpoint(s) beneath base path '/actuator'
2023-01-10 15:50:27.651  INFO 9372 --- [main] o.s.b.w.embedded.tomcat.TomcatWebServer  : Tomcat started on port(s): 8080 (http) with context path ''
2023-01-10 15:50:27.655  INFO 9372 --- [main] i.d.ActuatorPrometheusGrafanaApplication : Started ActuatorPrometheusGrafanaApplication in 3.151 seconds (JVM running for 5.662)
2023-01-10 15:52:20.860  INFO 9372 --- [http-nio-8080-exec-1] o.a.c.c.C.[Tomcat].[localhost].[/]       : Initializing Spring DispatcherServlet 'dispatcherServlet'
2023-01-10 15:52:20.862  INFO 9372 --- [http-nio-8080-exec-1] o.s.web.servlet.DispatcherServlet        : Initializing Servlet 'dispatcherServlet'
2023-01-10 15:52:20.870  INFO 9372 --- [http-nio-8080-exec-1] o.s.web.servlet.DispatcherServlet        : Completed initialization in 8 ms
2023-01-10 16:04:00.701  INFO 9372 --- [RMI TCP Connection(2)-127.0.0.1] inMXBeanRegistrar$SpringApplicationAdmin : Application shutdown requested.
2023-01-10 16:04:00.705  INFO 9372 --- [RMI TCP Connection(2)-127.0.0.1] o.s.s.concurrent.ThreadPoolTaskExecutor  : Shutting down ExecutorService 'applicationTaskExecutor'
